Flow report for Retrocon
Sun Dec 22 21:29:47 2019
Quartus II 64-Bit Version 13.0.1 Build 232 06/12/2013 Service Pack 1 SJ Web Edition


---------------------
; Table of Contents ;
---------------------
  1. Legal Notice
  2. Flow Summary
  3. Flow Settings
  4. Flow Non-Default Global Settings
  5. Flow Elapsed Time
  6. Flow OS Summary
  7. Flow Log
  8. Flow Messages
  9. Flow Suppressed Messages



----------------
; Legal Notice ;
----------------
Copyright (C) 1991-2013 Altera Corporation
Your use of Altera Corporation's design tools, logic functions 
and other software and tools, and its AMPP partner logic 
functions, and any output files from any of the foregoing 
(including device programming or simulation files), and any 
associated documentation or information are expressly subject 
to the terms and conditions of the Altera Program License 
Subscription Agreement, Altera MegaCore Function License 
Agreement, or other applicable license agreement, including, 
without limitation, that your use is for the sole purpose of 
programming logic devices manufactured by Altera and sold by 
Altera or its authorized distributors.  Please refer to the 
applicable agreement for further details.



+-----------------------------------------------------------------------------+
; Flow Summary                                                                ;
+---------------------------+-------------------------------------------------+
; Flow Status               ; Successful - Sun Dec 22 21:29:45 2019           ;
; Quartus II 64-Bit Version ; 13.0.1 Build 232 06/12/2013 SP 1 SJ Web Edition ;
; Revision Name             ; Retrocon                                        ;
; Top-level Entity Name     ; Retrocon                                        ;
; Family                    ; MAX7000S                                        ;
; Device                    ; EPM7128SLC84-10                                 ;
; Timing Models             ; Final                                           ;
; Total macrocells          ; 116 / 128 ( 91 % )                              ;
; Total pins                ; 68 / 68 ( 100 % )                               ;
+---------------------------+-------------------------------------------------+


+-----------------------------------------+
; Flow Settings                           ;
+-------------------+---------------------+
; Option            ; Setting             ;
+-------------------+---------------------+
; Start date & time ; 12/22/2019 21:29:40 ;
; Main task         ; Compilation         ;
; Revision Name     ; Retrocon            ;
+-------------------+---------------------+


+-------------------------------------------------------------------------------------------------------------------------+
; Flow Non-Default Global Settings                                                                                        ;
+--------------------------------------------+---------------------------------+---------------+-------------+------------+
; Assignment Name                            ; Value                           ; Default Value ; Entity Name ; Section Id ;
+--------------------------------------------+---------------------------------+---------------+-------------+------------+
; AUTO_TURBO_BIT                             ; Auto                            ; On            ; --          ; --         ;
; COMPILER_SIGNATURE_ID                      ; 268749062949273.157701778004776 ; --            ; --          ; --         ;
; ECO_REGENERATE_REPORT                      ; On                              ; Off           ; --          ; --         ;
; FITTER_EFFORT                              ; Standard Fit                    ; Auto Fit      ; --          ; --         ;
; OPTIMIZE_HOLD_TIMING                       ; Off                             ; --            ; --          ; --         ;
; OPTIMIZE_IOC_REGISTER_PLACEMENT_FOR_TIMING ; Pack All IO Registers           ; Normal        ; --          ; --         ;
+--------------------------------------------+---------------------------------+---------------+-------------+------------+


+-------------------------------------------------------------------------------------------------------------------------------+
; Flow Elapsed Time                                                                                                             ;
+---------------------------+--------------+-------------------------+---------------------+------------------------------------+
; Module Name               ; Elapsed Time ; Average Processors Used ; Peak Virtual Memory ; Total CPU Time (on all processors) ;
+---------------------------+--------------+-------------------------+---------------------+------------------------------------+
; Analysis & Synthesis      ; 00:00:02     ; 1.0                     ; 4573 MB             ; 00:00:01                           ;
; Fitter                    ; 00:00:02     ; 1.0                     ; 4698 MB             ; 00:00:01                           ;
; Assembler                 ; 00:00:01     ; 1.0                     ; 4510 MB             ; 00:00:00                           ;
; TimeQuest Timing Analyzer ; 00:00:01     ; 1.0                     ; 4518 MB             ; 00:00:01                           ;
; Total                     ; 00:00:06     ; --                      ; --                  ; 00:00:03                           ;
+---------------------------+--------------+-------------------------+---------------------+------------------------------------+


+----------------------------------------------------------------------------------------+
; Flow OS Summary                                                                        ;
+---------------------------+------------------+-----------+------------+----------------+
; Module Name               ; Machine Hostname ; OS Name   ; OS Version ; Processor type ;
+---------------------------+------------------+-----------+------------+----------------+
; Analysis & Synthesis      ; BLACK            ; Windows 7 ; 6.2        ; x86_64         ;
; Fitter                    ; BLACK            ; Windows 7 ; 6.2        ; x86_64         ;
; Assembler                 ; BLACK            ; Windows 7 ; 6.2        ; x86_64         ;
; TimeQuest Timing Analyzer ; BLACK            ; Windows 7 ; 6.2        ; x86_64         ;
+---------------------------+------------------+-----------+------------+----------------+


------------
; Flow Log ;
------------
quartus_map --read_settings_files=on --write_settings_files=off Retrocon -c Retrocon
quartus_fit --read_settings_files=off --write_settings_files=off Retrocon -c Retrocon
quartus_asm --read_settings_files=off --write_settings_files=off Retrocon -c Retrocon
quartus_sta Retrocon -c Retrocon



